username - root
database name - classicmodels
Table name passed is:: offices
Warning: /home/dorababugjntup/YARN/sqoop/../hbase does not exist! HBase imports will fail.
Please set $HBASE_HOME to the root of your HBase installation.
Warning: /home/dorababugjntup/YARN/sqoop/../hcatalog does not exist! HCatalog jobs will fail.
Please set $HCAT_HOME to the root of your HCatalog installation.
Warning: /home/dorababugjntup/YARN/sqoop/../accumulo does not exist! Accumulo imports will fail.
Please set $ACCUMULO_HOME to the root of your Accumulo installation.
Warning: /home/dorababugjntup/YARN/sqoop/../zookeeper does not exist! Accumulo imports will fail.
Please set $ZOOKEEPER_HOME to the root of your Zookeeper installation.
18/07/05 03:46:11 INFO sqoop.Sqoop: Running Sqoop version: 1.4.7
18/07/05 03:46:12 WARN tool.BaseSqoopTool: Setting your password on the command-line is insecure. Consider using -P instead.
18/07/05 03:46:12 INFO tool.BaseSqoopTool: Using Hive-specific delimiters for output. You can override
18/07/05 03:46:12 INFO tool.BaseSqoopTool: delimiters with --fields-terminated-by, etc.
18/07/05 03:46:12 INFO manager.MySQLManager: Preparing to use a MySQL streaming resultset.
18/07/05 03:46:12 INFO tool.CodeGenTool: Beginning code generation
Loading class `com.mysql.jdbc.Driver'. This is deprecated. The new driver class is `com.mysql.cj.jdbc.Driver'. The driver is automatically registered via the SPI and manual loading of the driver class is generally unnecessary.
Thu Jul 05 03:46:12 UTC 2018 WARN: Establishing SSL connection without server's identity verification is not recommended. According to MySQL 5.5.45+, 5.6.26+ and 5.7.6+ requirements SSL connection must be established by default if explicit option isn't set. For compliance with existing applications not using SSL the verifyServerCertificate property is set to 'false'. You need either to explicitly disable SSL by setting useSSL=false, or set useSSL=true and provide truststore for server certificate verification.
18/07/05 03:46:13 INFO manager.SqlManager: Executing SQL statement: SELECT t.* FROM `offices` AS t LIMIT 1
18/07/05 03:46:13 INFO manager.SqlManager: Executing SQL statement: SELECT t.* FROM `offices` AS t LIMIT 1
18/07/05 03:46:13 INFO orm.CompilationManager: HADOOP_MAPRED_HOME is /home/dorababugjntup/YARN/hadoop2
Note: /tmp/sqoop-dorababugjntup/compile/29956bd1188dfaf27cffce8f04eda886/offices.java uses or overrides a deprecated API.
Note: Recompile with -Xlint:deprecation for details.
18/07/05 03:46:16 INFO orm.CompilationManager: Writing jar file: /tmp/sqoop-dorababugjntup/compile/29956bd1188dfaf27cffce8f04eda886/offices.jar
18/07/05 03:46:19 INFO tool.ImportTool: Destination directory offices is not present, hence not deleting.
18/07/05 03:46:19 WARN manager.MySQLManager: It looks like you are importing from mysql.
18/07/05 03:46:19 WARN manager.MySQLManager: This transfer can be faster! Use the --direct
18/07/05 03:46:19 WARN manager.MySQLManager: option to exercise a MySQL-specific fast path.
18/07/05 03:46:19 INFO mapreduce.ImportJobBase: Beginning import of offices
18/07/05 03:46:19 INFO Configuration.deprecation: mapred.jar is deprecated. Instead, use mapreduce.job.jar
18/07/05 03:46:19 INFO Configuration.deprecation: mapred.map.tasks is deprecated. Instead, use mapreduce.job.maps
18/07/05 03:46:19 INFO client.RMProxy: Connecting to ResourceManager at /0.0.0.0:8032
Thu Jul 05 03:46:29 UTC 2018 WARN: Establishing SSL connection without server's identity verification is not recommended. According to MySQL 5.5.45+, 5.6.26+ and 5.7.6+ requirements SSL connection must be established by default if explicit option isn't set. For compliance with existing applications not using SSL the verifyServerCertificate property is set to 'false'. You need either to explicitly disable SSL by setting useSSL=false, or set useSSL=true and provide truststore for server certificate verification.
18/07/05 03:46:29 INFO db.DBInputFormat: Using read commited transaction isolation
18/07/05 03:46:29 INFO db.DataDrivenDBInputFormat: BoundingValsQuery: SELECT MIN(`officeCode`), MAX(`officeCode`) FROM `offices`
18/07/05 03:46:29 INFO mapreduce.JobSubmitter: Cleaning up the staging area /tmp/hadoop-yarn/staging/dorababugjntup/.staging/job_1530717133114_1911
18/07/05 03:46:29 ERROR tool.ImportTool: Import failed: java.io.IOException: Generating splits for a textual index column allowed only in case of "-Dorg.apache.sqoop.splitter.allow_text_splitter=true" property passed as a parameter
	at org.apache.sqoop.mapreduce.db.DataDrivenDBInputFormat.getSplits(DataDrivenDBInputFormat.java:204)
	at org.apache.hadoop.mapreduce.JobSubmitter.writeNewSplits(JobSubmitter.java:301)
	at org.apache.hadoop.mapreduce.JobSubmitter.writeSplits(JobSubmitter.java:318)
	at org.apache.hadoop.mapreduce.JobSubmitter.submitJobInternal(JobSubmitter.java:196)
	at org.apache.hadoop.mapreduce.Job$10.run(Job.java:1290)
	at org.apache.hadoop.mapreduce.Job$10.run(Job.java:1287)
	at java.security.AccessController.doPrivileged(Native Method)
	at javax.security.auth.Subject.doAs(Subject.java:422)
	at org.apache.hadoop.security.UserGroupInformation.doAs(UserGroupInformation.java:1758)
	at org.apache.hadoop.mapreduce.Job.submit(Job.java:1287)
	at org.apache.hadoop.mapreduce.Job.waitForCompletion(Job.java:1308)
	at org.apache.sqoop.mapreduce.ImportJobBase.doSubmitJob(ImportJobBase.java:200)
	at org.apache.sqoop.mapreduce.ImportJobBase.runJob(ImportJobBase.java:173)
	at org.apache.sqoop.mapreduce.ImportJobBase.runImport(ImportJobBase.java:270)
	at org.apache.sqoop.manager.SqlManager.importTable(SqlManager.java:692)
	at org.apache.sqoop.manager.MySQLManager.importTable(MySQLManager.java:127)
	at org.apache.sqoop.tool.ImportTool.importTable(ImportTool.java:520)
	at org.apache.sqoop.tool.ImportTool.run(ImportTool.java:628)
	at org.apache.sqoop.Sqoop.run(Sqoop.java:147)
	at org.apache.hadoop.util.ToolRunner.run(ToolRunner.java:70)
	at org.apache.sqoop.Sqoop.runSqoop(Sqoop.java:183)
	at org.apache.sqoop.Sqoop.runTool(Sqoop.java:234)
	at org.apache.sqoop.Sqoop.runTool(Sqoop.java:243)
	at org.apache.sqoop.Sqoop.main(Sqoop.java:252)
Caused by: Generating splits for a textual index column allowed only in case of "-Dorg.apache.sqoop.splitter.allow_text_splitter=true" property passed as a parameter
	at org.apache.sqoop.mapreduce.db.TextSplitter.split(TextSplitter.java:67)
	at org.apache.sqoop.mapreduce.db.DataDrivenDBInputFormat.getSplits(DataDrivenDBInputFormat.java:201)
	... 23 more

